{"/home/carlos-reis/Documentos/Projetos/space-book-api/src/app.controller.ts": {"path":"/home/carlos-reis/Documentos/Projetos/space-book-api/src/app.controller.ts","statementMap":{"0":{"start":{"line":1,"column":0},"end":{"line":1,"column":49}},"1":{"start":{"line":2,"column":0},"end":{"line":2,"column":43}},"2":{"start":{"line":5,"column":0},"end":{"line":12,"column":null}},"3":{"start":{"line":6,"column":31},"end":{"line":6,"column":43}},"4":{"start":{"line":10,"column":4},"end":{"line":10,"column":38}},"5":{"start":{"line":9,"column":2},"end":{"line":11,"column":null}},"6":{"start":{"line":5,"column":13},"end":{"line":12,"column":null}},"7":{"start":{"line":5,"column":13},"end":{"line":5,"column":26}}},"fnMap":{"0":{"name":"(anonymous_2)","decl":{"start":{"line":6,"column":2},"end":{"line":6,"column":31}},"loc":{"start":{"line":6,"column":53},"end":{"line":6,"column":57}}},"1":{"name":"(anonymous_3)","decl":{"start":{"line":9,"column":2},"end":{"line":9,"column":10}},"loc":{"start":{"line":9,"column":10},"end":{"line":11,"column":3}}}},"branchMap":{},"s":{"0":0,"1":0,"2":0,"3":0,"4":0,"5":0,"6":0,"7":0},"f":{"0":0,"1":0},"b":{}}
,"/home/carlos-reis/Documentos/Projetos/space-book-api/src/app.module.ts": {"path":"/home/carlos-reis/Documentos/Projetos/space-book-api/src/app.module.ts","statementMap":{"0":{"start":{"line":1,"column":0},"end":{"line":1,"column":40}},"1":{"start":{"line":2,"column":0},"end":{"line":2,"column":49}},"2":{"start":{"line":3,"column":0},"end":{"line":3,"column":43}},"3":{"start":{"line":4,"column":0},"end":{"line":4,"column":59}},"4":{"start":{"line":5,"column":0},"end":{"line":5,"column":65}},"5":{"start":{"line":12,"column":0},"end":{"line":12,"column":null}},"6":{"start":{"line":12,"column":13},"end":{"line":12,"column":null}},"7":{"start":{"line":12,"column":13},"end":{"line":12,"column":22}}},"fnMap":{},"branchMap":{},"s":{"0":0,"1":0,"2":0,"3":0,"4":0,"5":0,"6":0,"7":0},"f":{},"b":{}}
,"/home/carlos-reis/Documentos/Projetos/space-book-api/src/app.service.ts": {"path":"/home/carlos-reis/Documentos/Projetos/space-book-api/src/app.service.ts","statementMap":{"0":{"start":{"line":1,"column":0},"end":{"line":1,"column":44}},"1":{"start":{"line":4,"column":0},"end":{"line":8,"column":null}},"2":{"start":{"line":6,"column":4},"end":{"line":6,"column":26}},"3":{"start":{"line":4,"column":13},"end":{"line":8,"column":null}},"4":{"start":{"line":4,"column":13},"end":{"line":4,"column":23}}},"fnMap":{"0":{"name":"(anonymous_1)","decl":{"start":{"line":5,"column":2},"end":{"line":5,"column":10}},"loc":{"start":{"line":5,"column":10},"end":{"line":7,"column":3}}}},"branchMap":{},"s":{"0":0,"1":0,"2":0,"3":0,"4":0},"f":{"0":0},"b":{}}
,"/home/carlos-reis/Documentos/Projetos/space-book-api/src/main.ts": {"path":"/home/carlos-reis/Documentos/Projetos/space-book-api/src/main.ts","statementMap":{"0":{"start":{"line":1,"column":0},"end":{"line":1,"column":43}},"1":{"start":{"line":2,"column":0},"end":{"line":2,"column":41}},"2":{"start":{"line":3,"column":0},"end":{"line":3,"column":65}},"3":{"start":{"line":6,"column":14},"end":{"line":6,"column":49}},"4":{"start":{"line":8,"column":39},"end":{"line":8,"column":61}},"5":{"start":{"line":10,"column":2},"end":{"line":10,"column":41}},"6":{"start":{"line":12,"column":2},"end":{"line":12,"column":25}},"7":{"start":{"line":14,"column":0},"end":{"line":14,"column":12}}},"fnMap":{"0":{"name":"bootstrap","decl":{"start":{"line":5,"column":15},"end":{"line":5,"column":24}},"loc":{"start":{"line":5,"column":24},"end":{"line":13,"column":1}}}},"branchMap":{},"s":{"0":0,"1":0,"2":0,"3":0,"4":0,"5":0,"6":0,"7":0},"f":{"0":0},"b":{}}
,"/home/carlos-reis/Documentos/Projetos/space-book-api/src/context/test/context.ts": {"path":"/home/carlos-reis/Documentos/Projetos/space-book-api/src/context/test/context.ts","statementMap":{"0":{"start":{"line":2,"column":0},"end":{"line":2,"column":46}},"1":{"start":{"line":13,"column":33},"end":{"line":17,"column":1}},"2":{"start":{"line":14,"column":2},"end":{"line":16,"column":4}},"3":{"start":{"line":13,"column":13},"end":{"line":13,"column":33}}},"fnMap":{"0":{"name":"(anonymous_0)","decl":{"start":{"line":13,"column":33},"end":{"line":13,"column":49}},"loc":{"start":{"line":13,"column":51},"end":{"line":17,"column":1}}}},"branchMap":{},"s":{"0":1,"1":1,"2":1,"3":1},"f":{"0":1},"b":{}}
,"/home/carlos-reis/Documentos/Projetos/space-book-api/src/modules/users/users.module.ts": {"path":"/home/carlos-reis/Documentos/Projetos/space-book-api/src/modules/users/users.module.ts","statementMap":{"0":{"start":{"line":1,"column":0},"end":{"line":1,"column":40}},"1":{"start":{"line":2,"column":0},"end":{"line":2,"column":56}},"2":{"start":{"line":3,"column":0},"end":{"line":3,"column":64}},"3":{"start":{"line":4,"column":0},"end":{"line":4,"column":67}},"4":{"start":{"line":10,"column":0},"end":{"line":10,"column":null}},"5":{"start":{"line":10,"column":13},"end":{"line":10,"column":null}},"6":{"start":{"line":10,"column":13},"end":{"line":10,"column":24}}},"fnMap":{},"branchMap":{},"s":{"0":0,"1":0,"2":0,"3":0,"4":0,"5":0,"6":0},"f":{},"b":{}}
,"/home/carlos-reis/Documentos/Projetos/space-book-api/src/modules/users/controller/users.controller.ts": {"path":"/home/carlos-reis/Documentos/Projetos/space-book-api/src/modules/users/controller/users.controller.ts","statementMap":{"0":{"start":{"line":1,"column":0},"end":{"line":1,"column":null}},"1":{"start":{"line":10,"column":0},"end":{"line":10,"column":57}},"2":{"start":{"line":11,"column":0},"end":{"line":11,"column":55}},"3":{"start":{"line":12,"column":0},"end":{"line":12,"column":55}},"4":{"start":{"line":15,"column":0},"end":{"line":42,"column":null}},"5":{"start":{"line":16,"column":31},"end":{"line":16,"column":45}},"6":{"start":{"line":20,"column":4},"end":{"line":20,"column":51}},"7":{"start":{"line":25,"column":4},"end":{"line":25,"column":39}},"8":{"start":{"line":30,"column":4},"end":{"line":30,"column":41}},"9":{"start":{"line":35,"column":4},"end":{"line":35,"column":55}},"10":{"start":{"line":40,"column":4},"end":{"line":40,"column":40}},"11":{"start":{"line":19,"column":2},"end":{"line":21,"column":null}},"12":{"start":{"line":24,"column":2},"end":{"line":26,"column":null}},"13":{"start":{"line":29,"column":2},"end":{"line":31,"column":null}},"14":{"start":{"line":34,"column":2},"end":{"line":36,"column":null}},"15":{"start":{"line":39,"column":2},"end":{"line":41,"column":null}},"16":{"start":{"line":15,"column":13},"end":{"line":42,"column":null}},"17":{"start":{"line":15,"column":13},"end":{"line":15,"column":28}}},"fnMap":{"0":{"name":"(anonymous_4)","decl":{"start":{"line":16,"column":2},"end":{"line":16,"column":31}},"loc":{"start":{"line":16,"column":57},"end":{"line":16,"column":61}}},"1":{"name":"(anonymous_5)","decl":{"start":{"line":19,"column":2},"end":{"line":19,"column":8}},"loc":{"start":{"line":19,"column":45},"end":{"line":21,"column":3}}},"2":{"name":"(anonymous_6)","decl":{"start":{"line":24,"column":2},"end":{"line":24,"column":9}},"loc":{"start":{"line":24,"column":9},"end":{"line":26,"column":3}}},"3":{"name":"(anonymous_7)","decl":{"start":{"line":29,"column":2},"end":{"line":29,"column":9}},"loc":{"start":{"line":29,"column":33},"end":{"line":31,"column":3}}},"4":{"name":"(anonymous_8)","decl":{"start":{"line":34,"column":2},"end":{"line":34,"column":8}},"loc":{"start":{"line":34,"column":70},"end":{"line":36,"column":3}}},"5":{"name":"(anonymous_9)","decl":{"start":{"line":39,"column":2},"end":{"line":39,"column":8}},"loc":{"start":{"line":39,"column":32},"end":{"line":41,"column":3}}}},"branchMap":{},"s":{"0":1,"1":1,"2":1,"3":1,"4":1,"5":1,"6":0,"7":0,"8":0,"9":0,"10":0,"11":1,"12":1,"13":1,"14":1,"15":1,"16":1,"17":1},"f":{"0":1,"1":0,"2":0,"3":0,"4":0,"5":0},"b":{}}
,"/home/carlos-reis/Documentos/Projetos/space-book-api/src/modules/users/dto/create-user.dto.ts": {"path":"/home/carlos-reis/Documentos/Projetos/space-book-api/src/modules/users/dto/create-user.dto.ts","statementMap":{"0":{"start":{"line":1,"column":0},"end":{"line":1,"column":55}},"1":{"start":{"line":2,"column":0},"end":{"line":2,"column":13}}},"fnMap":{},"branchMap":{},"s":{"0":1,"1":1},"f":{},"b":{}}
,"/home/carlos-reis/Documentos/Projetos/space-book-api/src/modules/users/dto/update-user.dto.ts": {"path":"/home/carlos-reis/Documentos/Projetos/space-book-api/src/modules/users/dto/update-user.dto.ts","statementMap":{"0":{"start":{"line":1,"column":0},"end":{"line":1,"column":51}},"1":{"start":{"line":2,"column":0},"end":{"line":2,"column":50}},"2":{"start":{"line":4,"column":0},"end":{"line":4,"column":13}}},"fnMap":{},"branchMap":{},"s":{"0":1,"1":1,"2":1},"f":{},"b":{}}
,"/home/carlos-reis/Documentos/Projetos/space-book-api/src/modules/users/entities/user.entity.ts": {"path":"/home/carlos-reis/Documentos/Projetos/space-book-api/src/modules/users/entities/user.entity.ts","statementMap":{"0":{"start":{"line":1,"column":0},"end":{"line":1,"column":13}}},"fnMap":{},"branchMap":{},"s":{"0":1},"f":{},"b":{}}
,"/home/carlos-reis/Documentos/Projetos/space-book-api/src/modules/users/services/users.service.ts": {"path":"/home/carlos-reis/Documentos/Projetos/space-book-api/src/modules/users/services/users.service.ts","statementMap":{"0":{"start":{"line":1,"column":0},"end":{"line":1,"column":40}},"1":{"start":{"line":2,"column":0},"end":{"line":2,"column":65}},"2":{"start":{"line":3,"column":0},"end":{"line":3,"column":72}},"3":{"start":{"line":8,"column":0},"end":{"line":58,"column":null}},"4":{"start":{"line":9,"column":23},"end":{"line":9,"column":31}},"5":{"start":{"line":12,"column":4},"end":{"line":31,"column":null}},"6":{"start":{"line":13,"column":6},"end":{"line":15,"column":null}},"7":{"start":{"line":14,"column":8},"end":{"line":14,"column":30}},"8":{"start":{"line":17,"column":19},"end":{"line":19,"column":8}},"9":{"start":{"line":21,"column":6},"end":{"line":21,"column":18}},"10":{"start":{"line":23,"column":6},"end":{"line":30,"column":null}},"11":{"start":{"line":24,"column":8},"end":{"line":29,"column":null}},"12":{"start":{"line":28,"column":10},"end":{"line":28,"column":58}},"13":{"start":{"line":35,"column":4},"end":{"line":35,"column":41}},"14":{"start":{"line":39,"column":4},"end":{"line":43,"column":7}},"15":{"start":{"line":47,"column":4},"end":{"line":50,"column":7}},"16":{"start":{"line":54,"column":4},"end":{"line":56,"column":7}},"17":{"start":{"line":8,"column":13},"end":{"line":58,"column":null}},"18":{"start":{"line":8,"column":13},"end":{"line":8,"column":25}}},"fnMap":{"0":{"name":"(anonymous_2)","decl":{"start":{"line":9,"column":2},"end":{"line":9,"column":23}},"loc":{"start":{"line":9,"column":44},"end":{"line":9,"column":48}}},"1":{"name":"(anonymous_3)","decl":{"start":{"line":11,"column":2},"end":{"line":11,"column":7}},"loc":{"start":{"line":11,"column":43},"end":{"line":32,"column":3}}},"2":{"name":"(anonymous_4)","decl":{"start":{"line":34,"column":2},"end":{"line":34,"column":9}},"loc":{"start":{"line":34,"column":9},"end":{"line":36,"column":3}}},"3":{"name":"(anonymous_5)","decl":{"start":{"line":38,"column":2},"end":{"line":38,"column":9}},"loc":{"start":{"line":38,"column":20},"end":{"line":44,"column":3}}},"4":{"name":"(anonymous_6)","decl":{"start":{"line":46,"column":2},"end":{"line":46,"column":8}},"loc":{"start":{"line":46,"column":49},"end":{"line":51,"column":3}}},"5":{"name":"(anonymous_7)","decl":{"start":{"line":53,"column":2},"end":{"line":53,"column":8}},"loc":{"start":{"line":53,"column":19},"end":{"line":57,"column":3}}}},"branchMap":{"0":{"loc":{"start":{"line":13,"column":6},"end":{"line":15,"column":null}},"type":"if","locations":[{"start":{"line":13,"column":6},"end":{"line":15,"column":null}},{"start":{"line":13,"column":6},"end":{"line":15,"column":null}}]},"1":{"loc":{"start":{"line":23,"column":6},"end":{"line":30,"column":null}},"type":"if","locations":[{"start":{"line":23,"column":6},"end":{"line":30,"column":null}},{"start":{"line":23,"column":6},"end":{"line":30,"column":null}}]},"2":{"loc":{"start":{"line":24,"column":8},"end":{"line":29,"column":null}},"type":"if","locations":[{"start":{"line":24,"column":8},"end":{"line":29,"column":null}},{"start":{"line":24,"column":8},"end":{"line":29,"column":null}}]},"3":{"loc":{"start":{"line":25,"column":10},"end":{"line":25,"column":32}},"type":"binary-expr","locations":[{"start":{"line":25,"column":10},"end":{"line":25,"column":32}},{"start":{"line":26,"column":10},"end":{"line":26,"column":52}}]},"4":{"loc":{"start":{"line":26,"column":29},"end":{"line":26,"column":31}},"type":"cond-expr","locations":[{"start":{"line":26,"column":29},"end":{"line":26,"column":31}},{"start":{"line":26,"column":29},"end":{"line":26,"column":40}}]},"5":{"loc":{"start":{"line":26,"column":10},"end":{"line":26,"column":31}},"type":"binary-expr","locations":[{"start":{"line":26,"column":10},"end":{"line":26,"column":31}},{"start":{"line":26,"column":29},"end":{"line":26,"column":31}}]}},"s":{"0":2,"1":2,"2":2,"3":2,"4":2,"5":1,"6":1,"7":1,"8":0,"9":0,"10":1,"11":0,"12":0,"13":0,"14":1,"15":0,"16":0,"17":2,"18":2},"f":{"0":2,"1":1,"2":0,"3":1,"4":0,"5":0},"b":{"0":[1,0],"1":[0,1],"2":[0,0],"3":[0,0],"4":[0,0],"5":[0,0]}}
,"/home/carlos-reis/Documentos/Projetos/space-book-api/src/prisma/services/prisma.service.ts": {"path":"/home/carlos-reis/Documentos/Projetos/space-book-api/src/prisma/services/prisma.service.ts","statementMap":{"0":{"start":{"line":1,"column":0},"end":{"line":1,"column":null}},"1":{"start":{"line":7,"column":0},"end":{"line":7,"column":46}},"2":{"start":{"line":10,"column":0},"end":{"line":27,"column":null}},"3":{"start":{"line":15,"column":4},"end":{"line":15,"column":26}},"4":{"start":{"line":19,"column":4},"end":{"line":19,"column":29}},"5":{"start":{"line":23,"column":4},"end":{"line":25,"column":7}},"6":{"start":{"line":24,"column":6},"end":{"line":24,"column":24}},"7":{"start":{"line":10,"column":13},"end":{"line":27,"column":null}},"8":{"start":{"line":10,"column":13},"end":{"line":10,"column":26}}},"fnMap":{"0":{"name":"(anonymous_1)","decl":{"start":{"line":14,"column":2},"end":{"line":14,"column":7}},"loc":{"start":{"line":14,"column":20},"end":{"line":16,"column":3}}},"1":{"name":"(anonymous_2)","decl":{"start":{"line":18,"column":2},"end":{"line":18,"column":7}},"loc":{"start":{"line":18,"column":23},"end":{"line":20,"column":3}}},"2":{"name":"(anonymous_3)","decl":{"start":{"line":22,"column":2},"end":{"line":22,"column":7}},"loc":{"start":{"line":22,"column":49},"end":{"line":26,"column":3}}},"3":{"name":"(anonymous_4)","decl":{"start":{"line":23,"column":27},"end":{"line":23,"column":32}},"loc":{"start":{"line":23,"column":38},"end":{"line":25,"column":5}}}},"branchMap":{},"s":{"0":2,"1":2,"2":2,"3":0,"4":0,"5":0,"6":0,"7":2,"8":2},"f":{"0":0,"1":0,"2":0,"3":0},"b":{}}
}
